2023-08-03 06:40:51.621+0000 INFO  Starting...
2023-08-03 06:40:52.729+0000 INFO  This instance is ServerId{20ad06b1} (20ad06b1-43b2-49e6-a368-5954e23b27b6)
2023-08-03 06:40:53.744+0000 INFO  ======== Neo4j 5.10.0 ========
2023-08-03 06:40:57.795+0000 INFO  Bolt enabled on 0.0.0.0:7687.
2023-08-03 06:40:58.928+0000 INFO  Remote interface available at http://localhost:7474/
2023-08-03 06:40:58.936+0000 INFO  id: 00DD2B8C3CDB933F31419AF85F7CCDBC9030DF0784F3ED4577C83B292AFAD656
2023-08-03 06:40:58.939+0000 INFO  name: system
2023-08-03 06:40:58.941+0000 INFO  creationDate: 2023-08-03T06:40:54.907Z
2023-08-03 06:40:58.943+0000 INFO  Started.
2023-08-03 08:57:37.584+0000 INFO  Neo4j Server shutdown initiated by request
2023-08-03 08:57:37.589+0000 INFO  Stopping...
2023-08-03 08:57:42.752+0000 INFO  Stopped.
2023-08-07 08:46:18.296+0000 INFO  Starting...
2023-08-07 08:46:19.536+0000 INFO  This instance is ServerId{20ad06b1} (20ad06b1-43b2-49e6-a368-5954e23b27b6)
2023-08-07 08:46:20.373+0000 INFO  ======== Neo4j 5.10.0 ========
2023-08-07 08:46:24.480+0000 INFO  Bolt enabled on 0.0.0.0:7687.
2023-08-07 08:46:25.198+0000 INFO  Remote interface available at http://localhost:7474/
2023-08-07 08:46:25.203+0000 INFO  id: 00DD2B8C3CDB933F31419AF85F7CCDBC9030DF0784F3ED4577C83B292AFAD656
2023-08-07 08:46:25.205+0000 INFO  name: system
2023-08-07 08:46:25.207+0000 INFO  creationDate: 2023-08-03T06:40:54.907Z
2023-08-07 08:46:25.209+0000 INFO  Started.
2023-08-13 07:24:34.818+0000 INFO  Starting...
2023-08-13 07:24:36.025+0000 INFO  This instance is ServerId{20ad06b1} (20ad06b1-43b2-49e6-a368-5954e23b27b6)
2023-08-13 07:24:37.031+0000 INFO  ======== Neo4j 5.10.0 ========
2023-08-13 07:24:41.370+0000 INFO  Bolt enabled on 0.0.0.0:7687.
2023-08-13 07:24:42.154+0000 INFO  Remote interface available at http://localhost:7474/
2023-08-13 07:24:42.161+0000 INFO  id: 00DD2B8C3CDB933F31419AF85F7CCDBC9030DF0784F3ED4577C83B292AFAD656
2023-08-13 07:24:42.163+0000 INFO  name: system
2023-08-13 07:24:42.166+0000 INFO  creationDate: 2023-08-03T06:40:54.907Z
2023-08-13 07:24:42.168+0000 INFO  Started.
2023-08-19 22:13:28.447+0000 ERROR Client triggered an unexpected error [Neo.DatabaseError.General.UnknownError]: Lexical error at line 2, column 15.  Encountered: <EOF> after : "", reference 7e94d6c0-b9f1-4a51-b926-b278bb7e8a25.
2023-08-19 23:14:52.125+0000 ERROR [bolt-500] Terminating connection due to unexpected error
org.neo4j.bolt.protocol.error.streaming.BoltStreamingWriteException: Failed to transmit operation result: Response write failure
	at org.neo4j.bolt.protocol.common.fsm.response.NetworkResponseHandler.onSuccess(NetworkResponseHandler.java:184) ~[neo4j-bolt-5.10.0.jar:5.10.0]
	at org.neo4j.bolt.protocol.common.fsm.AbstractStateMachine.after(AbstractStateMachine.java:112) ~[neo4j-bolt-5.10.0.jar:5.10.0]
	at org.neo4j.bolt.protocol.common.fsm.AbstractStateMachine.process(AbstractStateMachine.java:88) ~[neo4j-bolt-5.10.0.jar:5.10.0]
	at org.neo4j.bolt.protocol.common.connector.connection.AtomicSchedulingConnection.lambda$submit$4(AtomicSchedulingConnection.java:122) ~[neo4j-bolt-5.10.0.jar:5.10.0]
	at org.neo4j.bolt.protocol.common.connector.connection.AtomicSchedulingConnection.executeJob(AtomicSchedulingConnection.java:344) ~[neo4j-bolt-5.10.0.jar:5.10.0]
	at org.neo4j.bolt.protocol.common.connector.connection.AtomicSchedulingConnection.doExecuteJobs(AtomicSchedulingConnection.java:314) ~[neo4j-bolt-5.10.0.jar:5.10.0]
	at org.neo4j.bolt.protocol.common.connector.connection.AtomicSchedulingConnection.executeJobs(AtomicSchedulingConnection.java:221) ~[neo4j-bolt-5.10.0.jar:5.10.0]
	at java.util.concurrent.Executors$RunnableAdapter.call(Executors.java:539) [?:?]
	at java.util.concurrent.FutureTask.run(FutureTask.java:264) [?:?]
	at java.util.concurrent.ThreadPoolExecutor.runWorker(ThreadPoolExecutor.java:1136) [?:?]
	at java.util.concurrent.ThreadPoolExecutor$Worker.run(ThreadPoolExecutor.java:635) [?:?]
	at java.lang.Thread.run(Thread.java:833) [?:?]
Caused by: java.nio.channels.ClosedChannelException
	at io.netty.handler.codec.http.websocketx.WebSocketProtocolHandler.write(WebSocketProtocolHandler.java:113) ~[netty-codec-http-4.1.93.Final.jar:4.1.93.Final]
	at io.netty.handler.codec.http.websocketx.WebSocketServerProtocolHandler.write(WebSocketServerProtocolHandler.java:54) ~[netty-codec-http-4.1.93.Final.jar:4.1.93.Final]
	at io.netty.channel.AbstractChannelHandlerContext.invokeWrite0(AbstractChannelHandlerContext.java:881) ~[netty-transport-4.1.93.Final.jar:4.1.93.Final]
	at io.netty.channel.AbstractChannelHandlerContext.invokeWrite(AbstractChannelHandlerContext.java:863) ~[netty-transport-4.1.93.Final.jar:4.1.93.Final]
	at io.netty.channel.AbstractChannelHandlerContext.write(AbstractChannelHandlerContext.java:968) ~[netty-transport-4.1.93.Final.jar:4.1.93.Final]
	at io.netty.channel.AbstractChannelHandlerContext.write(AbstractChannelHandlerContext.java:856) ~[netty-transport-4.1.93.Final.jar:4.1.93.Final]
	at io.netty.handler.codec.MessageToMessageEncoder.write(MessageToMessageEncoder.java:113) ~[netty-codec-4.1.93.Final.jar:4.1.93.Final]
	at io.netty.channel.AbstractChannelHandlerContext.invokeWrite0(AbstractChannelHandlerContext.java:881) ~[netty-transport-4.1.93.Final.jar:4.1.93.Final]
	at io.netty.channel.AbstractChannelHandlerContext.invokeWrite(AbstractChannelHandlerContext.java:863) ~[netty-transport-4.1.93.Final.jar:4.1.93.Final]
	at io.netty.channel.AbstractChannelHandlerContext.write(AbstractChannelHandlerContext.java:968) ~[netty-transport-4.1.93.Final.jar:4.1.93.Final]
	at io.netty.channel.AbstractChannelHandlerContext.write(AbstractChannelHandlerContext.java:856) ~[netty-transport-4.1.93.Final.jar:4.1.93.Final]
	at org.neo4j.bolt.protocol.common.handler.StateSignalFilterHandler.write(StateSignalFilterHandler.java:41) ~[neo4j-bolt-5.10.0.jar:5.10.0]
	at io.netty.channel.AbstractChannelHandlerContext.invokeWrite0(AbstractChannelHandlerContext.java:881) ~[netty-transport-4.1.93.Final.jar:4.1.93.Final]
	at io.netty.channel.AbstractChannelHandlerContext.invokeWrite(AbstractChannelHandlerContext.java:863) ~[netty-transport-4.1.93.Final.jar:4.1.93.Final]
	at io.netty.channel.AbstractChannelHandlerContext.write(AbstractChannelHandlerContext.java:968) ~[netty-transport-4.1.93.Final.jar:4.1.93.Final]
	at io.netty.channel.AbstractChannelHandlerContext.write(AbstractChannelHandlerContext.java:856) ~[netty-transport-4.1.93.Final.jar:4.1.93.Final]
	at io.netty.handler.codec.MessageToByteEncoder.write(MessageToByteEncoder.java:120) ~[netty-codec-4.1.93.Final.jar:4.1.93.Final]
	at org.neo4j.packstream.codec.transport.FrameSignalEncoder.write(FrameSignalEncoder.java:72) ~[neo4j-bolt-5.10.0.jar:5.10.0]
	at io.netty.channel.AbstractChannelHandlerContext.invokeWrite0(AbstractChannelHandlerContext.java:881) ~[netty-transport-4.1.93.Final.jar:4.1.93.Final]
	at io.netty.channel.AbstractChannelHandlerContext.invokeWrite(AbstractChannelHandlerContext.java:863) ~[netty-transport-4.1.93.Final.jar:4.1.93.Final]
	at io.netty.channel.AbstractChannelHandlerContext.write(AbstractChannelHandlerContext.java:968) ~[netty-transport-4.1.93.Final.jar:4.1.93.Final]
	at io.netty.channel.AbstractChannelHandlerContext.write(AbstractChannelHandlerContext.java:856) ~[netty-transport-4.1.93.Final.jar:4.1.93.Final]
	at io.netty.handler.codec.MessageToByteEncoder.write(MessageToByteEncoder.java:113) ~[netty-codec-4.1.93.Final.jar:4.1.93.Final]
	at io.netty.channel.AbstractChannelHandlerContext.invokeWrite0(AbstractChannelHandlerContext.java:881) ~[netty-transport-4.1.93.Final.jar:4.1.93.Final]
	at io.netty.channel.AbstractChannelHandlerContext.invokeWrite(AbstractChannelHandlerContext.java:863) ~[netty-transport-4.1.93.Final.jar:4.1.93.Final]
	at io.netty.channel.AbstractChannelHandlerContext.write(AbstractChannelHandlerContext.java:968) ~[netty-transport-4.1.93.Final.jar:4.1.93.Final]
	at io.netty.channel.AbstractChannelHandlerContext.write(AbstractChannelHandlerContext.java:856) ~[netty-transport-4.1.93.Final.jar:4.1.93.Final]
	at io.netty.handler.codec.MessageToByteEncoder.write(MessageToByteEncoder.java:113) ~[netty-codec-4.1.93.Final.jar:4.1.93.Final]
	at io.netty.channel.AbstractChannelHandlerContext.invokeWrite0(AbstractChannelHandlerContext.java:881) ~[netty-transport-4.1.93.Final.jar:4.1.93.Final]
	at io.netty.channel.AbstractChannelHandlerContext.invokeWrite(AbstractChannelHandlerContext.java:863) ~[netty-transport-4.1.93.Final.jar:4.1.93.Final]
	at io.netty.channel.AbstractChannelHandlerContext.write(AbstractChannelHandlerContext.java:968) ~[netty-transport-4.1.93.Final.jar:4.1.93.Final]
	at io.netty.channel.AbstractChannelHandlerContext.write(AbstractChannelHandlerContext.java:856) ~[netty-transport-4.1.93.Final.jar:4.1.93.Final]
	at org.neo4j.bolt.runtime.throttle.ChannelReadThrottleHandler.write(ChannelReadThrottleHandler.java:75) ~[neo4j-bolt-5.10.0.jar:5.10.0]
	at io.netty.channel.AbstractChannelHandlerContext.invokeWrite0(AbstractChannelHandlerContext.java:879) ~[netty-transport-4.1.93.Final.jar:4.1.93.Final]
	at io.netty.channel.AbstractChannelHandlerContext.invokeWrite(AbstractChannelHandlerContext.java:863) ~[netty-transport-4.1.93.Final.jar:4.1.93.Final]
	at io.netty.channel.AbstractChannelHandlerContext.write(AbstractChannelHandlerContext.java:968) ~[netty-transport-4.1.93.Final.jar:4.1.93.Final]
	at io.netty.channel.AbstractChannelHandlerContext.write(AbstractChannelHandlerContext.java:856) ~[netty-transport-4.1.93.Final.jar:4.1.93.Final]
	at io.netty.channel.AbstractChannelHandlerContext.write(AbstractChannelHandlerContext.java:851) ~[netty-transport-4.1.93.Final.jar:4.1.93.Final]
	at io.netty.handler.codec.MessageToMessageEncoder.writePromiseCombiner(MessageToMessageEncoder.java:140) ~[netty-codec-4.1.93.Final.jar:4.1.93.Final]
	at io.netty.handler.codec.MessageToMessageEncoder.write(MessageToMessageEncoder.java:120) ~[netty-codec-4.1.93.Final.jar:4.1.93.Final]
	at io.netty.channel.AbstractChannelHandlerContext.invokeWrite0(AbstractChannelHandlerContext.java:881) ~[netty-transport-4.1.93.Final.jar:4.1.93.Final]
	at io.netty.channel.AbstractChannelHandlerContext.invokeWrite(AbstractChannelHandlerContext.java:863) ~[netty-transport-4.1.93.Final.jar:4.1.93.Final]
	at io.netty.channel.AbstractChannelHandlerContext.write(AbstractChannelHandlerContext.java:968) ~[netty-transport-4.1.93.Final.jar:4.1.93.Final]
	at io.netty.channel.AbstractChannelHandlerContext.write(AbstractChannelHandlerContext.java:856) ~[netty-transport-4.1.93.Final.jar:4.1.93.Final]
	at io.netty.handler.timeout.IdleStateHandler.write(IdleStateHandler.java:302) ~[netty-handler-4.1.93.Final.jar:4.1.93.Final]
	at org.neo4j.bolt.protocol.common.handler.KeepAliveHandler.write(KeepAliveHandler.java:117) ~[neo4j-bolt-5.10.0.jar:5.10.0]
	at io.netty.channel.AbstractChannelHandlerContext.invokeWrite0(AbstractChannelHandlerContext.java:879) ~[netty-transport-4.1.93.Final.jar:4.1.93.Final]
	at io.netty.channel.AbstractChannelHandlerContext.invokeWriteAndFlush(AbstractChannelHandlerContext.java:940) ~[netty-transport-4.1.93.Final.jar:4.1.93.Final]
	at io.netty.channel.AbstractChannelHandlerContext$WriteTask.run(AbstractChannelHandlerContext.java:1247) ~[netty-transport-4.1.93.Final.jar:4.1.93.Final]
	at io.netty.util.concurrent.AbstractEventExecutor.runTask(AbstractEventExecutor.java:174) ~[netty-common-4.1.93.Final.jar:4.1.93.Final]
	at io.netty.util.concurrent.AbstractEventExecutor.safeExecute(AbstractEventExecutor.java:167) ~[netty-common-4.1.93.Final.jar:4.1.93.Final]
	at io.netty.util.concurrent.SingleThreadEventExecutor.runAllTasks(SingleThreadEventExecutor.java:470) ~[netty-common-4.1.93.Final.jar:4.1.93.Final]
	at io.netty.channel.epoll.EpollEventLoop.run(EpollEventLoop.java:403) ~[netty-transport-classes-epoll-4.1.93.Final.jar:4.1.93.Final]
	at io.netty.util.concurrent.SingleThreadEventExecutor$4.run(SingleThreadEventExecutor.java:997) ~[netty-common-4.1.93.Final.jar:4.1.93.Final]
	at io.netty.util.internal.ThreadExecutorMap$2.run(ThreadExecutorMap.java:74) ~[netty-common-4.1.93.Final.jar:4.1.93.Final]
	at io.netty.util.concurrent.FastThreadLocalRunnable.run(FastThreadLocalRunnable.java:30) ~[netty-common-4.1.93.Final.jar:4.1.93.Final]
	... 1 more
